2022-Nov-04 08:43:45.857004 INFO [daemon] pitcoin v1.1.1.1(0.1-g672625cee3)
2022-Nov-04 08:43:45.857276 INFO [daemon] Module folder: ./pitcoind
2022-Nov-04 08:43:45.859060 INFO [daemon] Initializing p2p server...
2022-Nov-04 08:43:45.859305 INFO [node_server] Binding on 0.0.0.0:14794
2022-Nov-04 08:43:45.859423 INFO [node_server] Net service binded on 0.0.0.0:14794
2022-Nov-04 08:43:45.859495 INFO [node_server] Attempting to add IGD port mapping.
2022-Nov-04 08:43:47.078210 INFO [node_server] Added IGD port mapping.
2022-Nov-04 08:43:47.078376 INFO [daemon] P2p server initialized OK
2022-Nov-04 08:43:47.078445 INFO [daemon] Initializing core...
2022-Nov-04 08:43:47.078741 INFO [Blockchain] Blockchain not loaded, generating genesis block.
2022-Nov-04 08:43:47.138964 INFO [Blockchain] Blockchain initialized. last block: 0, d3775.h7.m43.s47 time ago, current difficulty: 1
2022-Nov-04 08:43:47.139069 INFO [daemon] Core initialized OK
2022-Nov-04 08:43:47.139220 INFO [daemon] Starting core rpc server on address 127.0.0.1:25143
2022-Nov-04 08:43:47.139314 INFO [daemon] Core rpc server started ok
2022-Nov-04 08:43:47.139357 INFO [daemon] Starting p2p net loop...
2022-Nov-04 08:43:47.139404 INFO [node_server] Starting node_server
2022-Nov-04 08:43:47.523556 ERROR [node_server] Failed to connect to any of seed peers, continuing without seeds
2022-Nov-04 08:43:47.523710 INFO [core] 
2022-Nov-04 08:43:47.523710 INFO [core] **********************************************************************
2022-Nov-04 08:43:47.523710 INFO [core] The daemon will start synchronizing with the network. It may take up to several hours.
2022-Nov-04 08:43:47.523710 INFO [core] 
2022-Nov-04 08:43:47.523710 INFO [core] You can set the level of process detailization* through "set_log <level>" command*, where <level> is between 0 (no details) and 4 (very verbose).
2022-Nov-04 08:43:47.523710 INFO [core] 
2022-Nov-04 08:43:47.523710 INFO [core] Use "help" command to see the list of available commands.
2022-Nov-04 08:43:47.523710 INFO [core] 
2022-Nov-04 08:43:47.523710 INFO [core] Note: in case you need to interrupt the process, use "exit" command. Otherwise, the current progress won't be saved.
2022-Nov-04 08:43:47.523710 INFO [core] **********************************************************************
2022-Nov-04 08:43:49.894683 ERROR [node_server] Failed to connect to any of seed peers, continuing without seeds
2022-Nov-04 08:43:52.269425 ERROR [node_server] Failed to connect to any of seed peers, continuing without seeds
2022-Nov-04 08:43:54.800170 ERROR [node_server] Failed to connect to any of seed peers, continuing without seeds
2022-Nov-04 08:43:57.171840 ERROR [node_server] Failed to connect to any of seed peers, continuing without seeds
2022-Nov-04 08:43:59.549564 ERROR [node_server] Failed to connect to any of seed peers, continuing without seeds
2022-Nov-04 08:43:59.641141 INFO [node_server] Stop signal sent
2022-Nov-04 08:43:59.641158 INFO [node_server] Stopping NodeServer and it's0 connections...
2022-Nov-04 08:43:59.641579 INFO [node_server] NodeServer loop stopped
2022-Nov-04 08:43:59.641658 INFO [daemon] p2p net loop stopped
2022-Nov-04 08:43:59.641725 INFO [daemon] Stopping core rpc server...
2022-Nov-04 08:43:59.641820 INFO [daemon] Deinitializing core...
2022-Nov-04 08:43:59.641886 INFO [miner] Mining has been stopped, 0 finished
2022-Nov-04 08:43:59.642096 INFO [Blockchain] Saving blockchain...
2022-Nov-04 08:43:59.642212 INFO [BlockCacheSerializer] - saving block index...
2022-Nov-04 08:43:59.642284 INFO [BlockCacheSerializer] - saving transaction map...
2022-Nov-04 08:43:59.642348 INFO [BlockCacheSerializer] - saving spent keys...
2022-Nov-04 08:43:59.642411 INFO [BlockCacheSerializer] - saving outputs...
2022-Nov-04 08:43:59.642474 INFO [BlockCacheSerializer] - saving multi-signature outputs...
2022-Nov-04 08:43:59.642540 INFO [BlockCacheSerializer] Serialization time: 0ms
2022-Nov-04 08:43:59.642623 INFO [Blockchain] Saving blockchain indices...
2022-Nov-04 08:43:59.642722 INFO [BlockchainIndicesSerializer] - saving paymentID index...
2022-Nov-04 08:43:59.642800 INFO [BlockchainIndicesSerializer] - saving timestamp index...
2022-Nov-04 08:43:59.642862 INFO [BlockchainIndicesSerializer] - saving generated transactions index...
2022-Nov-04 08:43:59.642944 INFO [daemon] Deinitializing p2p...
2022-Nov-04 08:43:59.643131 INFO [miner] Mining has been stopped, 0 finished
2022-Nov-04 08:43:59.643297 INFO [daemon] Node stopped.
